<?xml version="1.0" encoding="UTF-8"?>
<testsuite xmlns:xsi="http://www.w3.org/2001/XMLSchema-instance" xsi:noNamespaceSchemaLocation="https://maven.apache.org/surefire/maven-surefire-plugin/xsd/surefire-test-report-3.0.xsd" version="3.0" name="TestSuite" time="39.193" tests="1" errors="0" skipped="0" failures="1">
  <properties>
[...]
</properties>
  <testcase name="searchValidation" classname="com.atmecs.Konakart_Automation.SearchValidation" time="25.633">
    <failure message="Unparseable date: &quot;&quot;" type="java.text.ParseException">java.text.ParseException: Unparseable date: ""
	at com.atmecs.Konakart_Automation.SearchValidation.searchValidation(SearchValidation.java:47)
</failure>
    <system-out><![CDATA[10-11-2019 20:44:57 LogReport.java INFO  [main] reports.LogReport 21 - Chrome browser opens
10-11-2019 20:45:03 LogReport.java INFO  [main] reports.LogReport 21 - Application is open
10-11-2019 20:45:06 LogReport.java INFO  [main] reports.LogReport 21 - Games validated
10-11-2019 20:45:08 LogReport.java INFO  [main] reports.LogReport 21 - product unavailability message verified
]]></system-out>
    <system-err><![CDATA[Oct 11, 2019 8:44:52 PM com.relevantcodes.extentreports.ExtentReports loadConfig
WARNING: Unable to perform report configuration. The file C:\Users\David.Easterraj\Downloads\My projects\Workplace\Konakart_Automation\extent-config.xml was not found.
Starting ChromeDriver 77.0.3865.40 (f484704e052e0b556f8030b65b953dce96503217-refs/branch-heads/3865@{#442}) on port 12901
Only local connections are allowed.
Please protect ports used by ChromeDriver and related test frameworks to prevent access by malicious code.
Oct 11, 2019 8:44:57 PM org.openqa.selenium.remote.ProtocolHandshake createSession
INFO: Detected dialect: W3C
]]></system-err>
  </testcase>
</testsuite>