<?xml version="1.0" encoding="UTF-8"?>
<!-- Generated by org.testng.reporters.JUnitXMLReporter -->
<testsuite hostname="ATMECSINDT-046" ignored="0" name="Test" tests="1" failures="1" timestamp="11 Oct 2019 15:15:31 GMT" time="38.314" errors="0">
  <testcase name="searchValidation" time="25.623" classname="com.atmecs.Konakart_Automation.SearchValidation">
    <failure type="java.text.ParseException" message="Unparseable date: &amp;quot;&amp;quot;">
      <![CDATA[java.text.ParseException: Unparseable date: ""
at java.text.DateFormat.parse(Unknown Source)
at com.atmecs.konakart_automation.helpers.SortingDateVerify.sortingDate(SortingDateVerify.java:46)
at com.atmecs.Konakart_Automation.HeroImageScenario.HeroImageValidation(HeroImageScenario.java:64)
at com.atmecs.Konakart_Automation.HeroImage.sortingVerification(HeroImage.java:39)
at com.atmecs.Konakart_Automation.SearchValidation.searchValidation(SearchValidation.java:47)
... Removed 29 stack frames]]>
    </failure>
  </testcase> <!-- searchValidation -->
</testsuite> <!-- Test -->
